<?xml version="1.0" encoding="utf-8"?>
<TestRun id="09f51846-f6fb-4ba7-a91f-c5c896966bbd" name="Kevin@LAPTOP-O0TPN0MB 2025-07-25 23:01:51" runUser="LAPTOP-O0TPN0MB\Kevin" xmlns="http://microsoft.com/schemas/VisualStudio/TeamTest/2010">
  <Times creation="2025-07-25T23:01:51.6206112+08:00" queuing="2025-07-25T23:01:51.6206115+08:00" start="2025-07-25T23:01:41.3528374+08:00" finish="2025-07-25T23:01:51.6492588+08:00" />
  <TestSettings name="default" id="5081becd-d732-4026-b985-198f6ff28997">
    <Deployment runDeploymentRoot="Kevin_LAPTOP-O0TPN0MB_2025-07-25_23_01_51" />
  </TestSettings>
  <Results>
    <UnitTestResult executionId="97cae282-5cb2-4af7-a6e8-bde85662757d" testId="77a66f12-887d-16a7-56f1-3f644af57505" testName="添加笔记本电脑到购物车并验证" computerName="LAPTOP-O0TPN0MB" duration="00:00:08.9176950" startTime="2025-07-25T23:01:42.2473795+08:00" endTime="2025-07-25T23:01:51.1650750+08:00" testType="13cdc9d9-ddb5-4fa4-a97d-d965ccfc6d4b" outcome="Failed" testListId="8c84fa94-04c1-424b-9868-57a2d4851a1d" relativeResultsDirectory="97cae282-5cb2-4af7-a6e8-bde85662757d">
      <Output>
        <ErrorInfo>
          <Message>OneTimeSetUp: OpenQA.Selenium.UnknownErrorException : unknown error: net::ERR_CONNECTION_CLOSED&#xD;
  (Session info: chrome=138.0.7204.158)</Message>
        </ErrorInfo>
      </Output>
    </UnitTestResult>
    <UnitTestResult executionId="5f772493-f0ec-4951-90b8-b8adaadb294c" testId="a5c685c0-a0da-8637-4ab5-a9495121adba" testName="VerifyCartTotalQuantity" computerName="LAPTOP-O0TPN0MB" duration="00:00:08.9180350" startTime="2025-07-25T23:01:42.2473795+08:00" endTime="2025-07-25T23:01:51.1654157+08:00" testType="13cdc9d9-ddb5-4fa4-a97d-d965ccfc6d4b" outcome="Failed" testListId="8c84fa94-04c1-424b-9868-57a2d4851a1d" relativeResultsDirectory="5f772493-f0ec-4951-90b8-b8adaadb294c">
      <Output>
        <ErrorInfo>
          <Message>OneTimeSetUp: OpenQA.Selenium.UnknownErrorException : unknown error: net::ERR_CONNECTION_CLOSED&#xD;
  (Session info: chrome=138.0.7204.158)</Message>
        </ErrorInfo>
      </Output>
    </UnitTestResult>
    <UnitTestResult executionId="3c2106bb-9b9a-4f71-aaac-2f0836a6fac6" testId="cbc7793c-28e5-04e6-146e-b5099e487886" testName="VerifyCartTotalAmount" computerName="LAPTOP-O0TPN0MB" duration="00:00:08.9180330" startTime="2025-07-25T23:01:42.2473795+08:00" endTime="2025-07-25T23:01:51.1654137+08:00" testType="13cdc9d9-ddb5-4fa4-a97d-d965ccfc6d4b" outcome="Failed" testListId="8c84fa94-04c1-424b-9868-57a2d4851a1d" relativeResultsDirectory="3c2106bb-9b9a-4f71-aaac-2f0836a6fac6">
      <Output>
        <ErrorInfo>
          <Message>OneTimeSetUp: OpenQA.Selenium.UnknownErrorException : unknown error: net::ERR_CONNECTION_CLOSED&#xD;
  (Session info: chrome=138.0.7204.158)</Message>
        </ErrorInfo>
      </Output>
    </UnitTestResult>
    <UnitTestResult executionId="371dd198-2cb4-4c09-86a0-5a5dc0b7bf93" testId="0804ee53-4d46-a6c8-31d6-44434b98002d" testName="添加平板电脑到购物车并验证" computerName="LAPTOP-O0TPN0MB" duration="00:00:08.9180300" startTime="2025-07-25T23:01:42.2473795+08:00" endTime="2025-07-25T23:01:51.1654107+08:00" testType="13cdc9d9-ddb5-4fa4-a97d-d965ccfc6d4b" outcome="Failed" testListId="8c84fa94-04c1-424b-9868-57a2d4851a1d" relativeResultsDirectory="371dd198-2cb4-4c09-86a0-5a5dc0b7bf93">
      <Output>
        <ErrorInfo>
          <Message>OneTimeSetUp: OpenQA.Selenium.UnknownErrorException : unknown error: net::ERR_CONNECTION_CLOSED&#xD;
  (Session info: chrome=138.0.7204.158)</Message>
        </ErrorInfo>
      </Output>
    </UnitTestResult>
    <UnitTestResult executionId="e7bcafb6-1e4d-4301-9a6b-db1367f4b505" testId="ef22e31a-a13e-2f7d-0a66-5974cbaaba0a" testName="添加鼠标到购物车并验证" computerName="LAPTOP-O0TPN0MB" duration="00:00:08.9180189" startTime="2025-07-25T23:01:42.2473795+08:00" endTime="2025-07-25T23:01:51.1653996+08:00" testType="13cdc9d9-ddb5-4fa4-a97d-d965ccfc6d4b" outcome="Failed" testListId="8c84fa94-04c1-424b-9868-57a2d4851a1d" relativeResultsDirectory="e7bcafb6-1e4d-4301-9a6b-db1367f4b505">
      <Output>
        <ErrorInfo>
          <Message>OneTimeSetUp: OpenQA.Selenium.UnknownErrorException : unknown error: net::ERR_CONNECTION_CLOSED&#xD;
  (Session info: chrome=138.0.7204.158)</Message>
        </ErrorInfo>
      </Output>
    </UnitTestResult>
  </Results>
  <TestDefinitions>
    <UnitTest name="VerifyCartTotalAmount" storage="c:\users\kevin\desktop\kevindoc\github-repo\c#practice\aos_ui_automation\bin\debug\net8.0\aos_ui_automation.dll" id="cbc7793c-28e5-04e6-146e-b5099e487886">
      <Execution id="3c2106bb-9b9a-4f71-aaac-2f0836a6fac6" />
      <TestMethod codeBase="C:\Users\Kevin\Desktop\kevindoc\github-repo\c#Practice\AOS_UI_Automation\bin\Debug\net8.0\AOS_UI_Automation.dll" adapterTypeName="executor://nunit3testexecutor/" className="AOS_UI_Automation.AOSTests" name="VerifyCartTotalAmount" />
    </UnitTest>
    <UnitTest name="VerifyCartTotalQuantity" storage="c:\users\kevin\desktop\kevindoc\github-repo\c#practice\aos_ui_automation\bin\debug\net8.0\aos_ui_automation.dll" id="a5c685c0-a0da-8637-4ab5-a9495121adba">
      <Execution id="5f772493-f0ec-4951-90b8-b8adaadb294c" />
      <TestMethod codeBase="C:\Users\Kevin\Desktop\kevindoc\github-repo\c#Practice\AOS_UI_Automation\bin\Debug\net8.0\AOS_UI_Automation.dll" adapterTypeName="executor://nunit3testexecutor/" className="AOS_UI_Automation.AOSTests" name="VerifyCartTotalQuantity" />
    </UnitTest>
    <UnitTest name="添加平板电脑到购物车并验证" storage="c:\users\kevin\desktop\kevindoc\github-repo\c#practice\aos_ui_automation\bin\debug\net8.0\aos_ui_automation.dll" id="0804ee53-4d46-a6c8-31d6-44434b98002d">
      <Execution id="371dd198-2cb4-4c09-86a0-5a5dc0b7bf93" />
      <TestMethod codeBase="C:\Users\Kevin\Desktop\kevindoc\github-repo\c#Practice\AOS_UI_Automation\bin\Debug\net8.0\AOS_UI_Automation.dll" adapterTypeName="executor://nunit3testexecutor/" className="AOS_UI_Automation.AOSTests" name="添加平板电脑到购物车并验证" />
    </UnitTest>
    <UnitTest name="添加鼠标到购物车并验证" storage="c:\users\kevin\desktop\kevindoc\github-repo\c#practice\aos_ui_automation\bin\debug\net8.0\aos_ui_automation.dll" id="ef22e31a-a13e-2f7d-0a66-5974cbaaba0a">
      <Execution id="e7bcafb6-1e4d-4301-9a6b-db1367f4b505" />
      <TestMethod codeBase="C:\Users\Kevin\Desktop\kevindoc\github-repo\c#Practice\AOS_UI_Automation\bin\Debug\net8.0\AOS_UI_Automation.dll" adapterTypeName="executor://nunit3testexecutor/" className="AOS_UI_Automation.AOSTests" name="添加鼠标到购物车并验证" />
    </UnitTest>
    <UnitTest name="添加笔记本电脑到购物车并验证" storage="c:\users\kevin\desktop\kevindoc\github-repo\c#practice\aos_ui_automation\bin\debug\net8.0\aos_ui_automation.dll" id="77a66f12-887d-16a7-56f1-3f644af57505">
      <Execution id="97cae282-5cb2-4af7-a6e8-bde85662757d" />
      <TestMethod codeBase="C:\Users\Kevin\Desktop\kevindoc\github-repo\c#Practice\AOS_UI_Automation\bin\Debug\net8.0\AOS_UI_Automation.dll" adapterTypeName="executor://nunit3testexecutor/" className="AOS_UI_Automation.AOSTests" name="添加笔记本电脑到购物车并验证" />
    </UnitTest>
  </TestDefinitions>
  <TestEntries>
    <TestEntry testId="77a66f12-887d-16a7-56f1-3f644af57505" executionId="97cae282-5cb2-4af7-a6e8-bde85662757d" testListId="8c84fa94-04c1-424b-9868-57a2d4851a1d" />
    <TestEntry testId="a5c685c0-a0da-8637-4ab5-a9495121adba" executionId="5f772493-f0ec-4951-90b8-b8adaadb294c" testListId="8c84fa94-04c1-424b-9868-57a2d4851a1d" />
    <TestEntry testId="cbc7793c-28e5-04e6-146e-b5099e487886" executionId="3c2106bb-9b9a-4f71-aaac-2f0836a6fac6" testListId="8c84fa94-04c1-424b-9868-57a2d4851a1d" />
    <TestEntry testId="0804ee53-4d46-a6c8-31d6-44434b98002d" executionId="371dd198-2cb4-4c09-86a0-5a5dc0b7bf93" testListId="8c84fa94-04c1-424b-9868-57a2d4851a1d" />
    <TestEntry testId="ef22e31a-a13e-2f7d-0a66-5974cbaaba0a" executionId="e7bcafb6-1e4d-4301-9a6b-db1367f4b505" testListId="8c84fa94-04c1-424b-9868-57a2d4851a1d" />
  </TestEntries>
  <TestLists>
    <TestList name="Results Not in a List" id="8c84fa94-04c1-424b-9868-57a2d4851a1d" />
    <TestList name="All Loaded Results" id="19431567-8539-422a-85d7-44ee4e166bda" />
  </TestLists>
  <ResultSummary outcome="Failed">
    <Counters total="5" executed="5" passed="0" failed="5" error="0" timeout="0" aborted="0" inconclusive="0" passedButRunAborted="0" notRunnable="0" notExecuted="0" disconnected="0" warning="0" completed="0" inProgress="0" pending="0" />
    <Output>
      <StdOut>NUnit Adapter 3.17.0.0: Test execution started&#xD;
Running all tests in C:\Users\Kevin\Desktop\kevindoc\github-repo\c#Practice\AOS_UI_Automation\bin\Debug\net8.0\AOS_UI_Automation.dll&#xD;
   NUnit3TestExecutor discovered 5 of 5 NUnit test cases&#xD;
Starting ChromeDriver 138.0.7204.168 (3e8d82e86e9f508e88ed406c2a24657a6c691d30-refs/branch-heads/7204@{#2081}) on port 53588&#xD;
Only local connections are allowed.&#xD;
Please see https://chromedriver.chromium.org/security-considerations for suggestions on keeping ChromeDriver safe.&#xD;
ChromeDriver was started successfully on port 53588.&#xD;
NUnit Adapter 3.17.0.0: Test execution complete&#xD;
</StdOut>
    </Output>
    <RunInfos>
      <RunInfo computerName="LAPTOP-O0TPN0MB" outcome="Warning" timestamp="2025-07-25T23:01:51.4094849+08:00">
        <Text>Setup failed for test fixture AOS_UI_Automation.AOSTests</Text>
      </RunInfo>
      <RunInfo computerName="LAPTOP-O0TPN0MB" outcome="Warning" timestamp="2025-07-25T23:01:51.4105501+08:00">
        <Text>OpenQA.Selenium.UnknownErrorException : unknown error: net::ERR_CONNECTION_CLOSED&#xD;
  (Session info: chrome=138.0.7204.158)</Text>
      </RunInfo>
    </RunInfos>
  </ResultSummary>
</TestRun>