<?xml version="1.0" encoding="utf-8"?>
<TestRun id="3b051dea-a7ba-47de-be77-10d02a9943fe" name="Kevin@LAPTOP-O0TPN0MB 2025-07-25 23:01:12" runUser="LAPTOP-O0TPN0MB\Kevin" xmlns="http://microsoft.com/schemas/VisualStudio/TeamTest/2010">
  <Times creation="2025-07-25T23:01:12.2910315+08:00" queuing="2025-07-25T23:01:12.2910320+08:00" start="2025-07-25T23:00:59.5447700+08:00" finish="2025-07-25T23:01:12.3186089+08:00" />
  <TestSettings name="default" id="abf969b3-26ec-4f01-87c1-aec567ef89e7">
    <Deployment runDeploymentRoot="Kevin_LAPTOP-O0TPN0MB_2025-07-25_23_01_12" />
  </TestSettings>
  <Results>
    <UnitTestResult executionId="45bbd144-e1c1-48fb-92d8-e1b57ae2f4c3" testId="ef22e31a-a13e-2f7d-0a66-5974cbaaba0a" testName="添加鼠标到购物车并验证" computerName="LAPTOP-O0TPN0MB" duration="00:00:10.4715680" startTime="2025-07-25T23:01:01.0751399+08:00" endTime="2025-07-25T23:01:11.5467071+08:00" testType="13cdc9d9-ddb5-4fa4-a97d-d965ccfc6d4b" outcome="Failed" testListId="8c84fa94-04c1-424b-9868-57a2d4851a1d" relativeResultsDirectory="45bbd144-e1c1-48fb-92d8-e1b57ae2f4c3">
      <Output>
        <ErrorInfo>
          <Message>OneTimeSetUp: OpenQA.Selenium.UnknownErrorException : unknown error: net::ERR_CONNECTION_CLOSED&#xD;
  (Session info: chrome=138.0.7204.158)</Message>
        </ErrorInfo>
      </Output>
    </UnitTestResult>
    <UnitTestResult executionId="061e76f2-fb92-4cb3-a62e-c739d3b4833a" testId="0804ee53-4d46-a6c8-31d6-44434b98002d" testName="添加平板电脑到购物车并验证" computerName="LAPTOP-O0TPN0MB" duration="00:00:10.4716020" startTime="2025-07-25T23:01:01.0751399+08:00" endTime="2025-07-25T23:01:11.5467417+08:00" testType="13cdc9d9-ddb5-4fa4-a97d-d965ccfc6d4b" outcome="Failed" testListId="8c84fa94-04c1-424b-9868-57a2d4851a1d" relativeResultsDirectory="061e76f2-fb92-4cb3-a62e-c739d3b4833a">
      <Output>
        <ErrorInfo>
          <Message>OneTimeSetUp: OpenQA.Selenium.UnknownErrorException : unknown error: net::ERR_CONNECTION_CLOSED&#xD;
  (Session info: chrome=138.0.7204.158)</Message>
        </ErrorInfo>
      </Output>
    </UnitTestResult>
    <UnitTestResult executionId="3edaeadb-76aa-4833-a0e2-04e23e55915c" testId="77a66f12-887d-16a7-56f1-3f644af57505" testName="添加笔记本电脑到购物车并验证" computerName="LAPTOP-O0TPN0MB" duration="00:00:10.4708770" startTime="2025-07-25T23:01:01.0751399+08:00" endTime="2025-07-25T23:01:11.5460164+08:00" testType="13cdc9d9-ddb5-4fa4-a97d-d965ccfc6d4b" outcome="Failed" testListId="8c84fa94-04c1-424b-9868-57a2d4851a1d" relativeResultsDirectory="3edaeadb-76aa-4833-a0e2-04e23e55915c">
      <Output>
        <ErrorInfo>
          <Message>OneTimeSetUp: OpenQA.Selenium.UnknownErrorException : unknown error: net::ERR_CONNECTION_CLOSED&#xD;
  (Session info: chrome=138.0.7204.158)</Message>
        </ErrorInfo>
      </Output>
    </UnitTestResult>
    <UnitTestResult executionId="50a159a5-ec62-410e-b75d-fbfaa65f247a" testId="a5c685c0-a0da-8637-4ab5-a9495121adba" testName="VerifyCartTotalQuantity" computerName="LAPTOP-O0TPN0MB" duration="00:00:10.4716110" startTime="2025-07-25T23:01:01.0751399+08:00" endTime="2025-07-25T23:01:11.5467511+08:00" testType="13cdc9d9-ddb5-4fa4-a97d-d965ccfc6d4b" outcome="Failed" testListId="8c84fa94-04c1-424b-9868-57a2d4851a1d" relativeResultsDirectory="50a159a5-ec62-410e-b75d-fbfaa65f247a">
      <Output>
        <ErrorInfo>
          <Message>OneTimeSetUp: OpenQA.Selenium.UnknownErrorException : unknown error: net::ERR_CONNECTION_CLOSED&#xD;
  (Session info: chrome=138.0.7204.158)</Message>
        </ErrorInfo>
      </Output>
    </UnitTestResult>
    <UnitTestResult executionId="44e1a6a2-727c-4f47-bfae-06f9c0ae2324" testId="cbc7793c-28e5-04e6-146e-b5099e487886" testName="VerifyCartTotalAmount" computerName="LAPTOP-O0TPN0MB" duration="00:00:10.4716070" startTime="2025-07-25T23:01:01.0751399+08:00" endTime="2025-07-25T23:01:11.5467472+08:00" testType="13cdc9d9-ddb5-4fa4-a97d-d965ccfc6d4b" outcome="Failed" testListId="8c84fa94-04c1-424b-9868-57a2d4851a1d" relativeResultsDirectory="44e1a6a2-727c-4f47-bfae-06f9c0ae2324">
      <Output>
        <ErrorInfo>
          <Message>OneTimeSetUp: OpenQA.Selenium.UnknownErrorException : unknown error: net::ERR_CONNECTION_CLOSED&#xD;
  (Session info: chrome=138.0.7204.158)</Message>
        </ErrorInfo>
      </Output>
    </UnitTestResult>
  </Results>
  <TestDefinitions>
    <UnitTest name="VerifyCartTotalAmount" storage="c:\users\kevin\desktop\kevindoc\github-repo\c#practice\aos_ui_automation\bin\debug\net8.0\aos_ui_automation.dll" id="cbc7793c-28e5-04e6-146e-b5099e487886">
      <Execution id="44e1a6a2-727c-4f47-bfae-06f9c0ae2324" />
      <TestMethod codeBase="C:\Users\Kevin\Desktop\kevindoc\github-repo\c#Practice\AOS_UI_Automation\bin\Debug\net8.0\AOS_UI_Automation.dll" adapterTypeName="executor://nunit3testexecutor/" className="AOS_UI_Automation.AOSTests" name="VerifyCartTotalAmount" />
    </UnitTest>
    <UnitTest name="VerifyCartTotalQuantity" storage="c:\users\kevin\desktop\kevindoc\github-repo\c#practice\aos_ui_automation\bin\debug\net8.0\aos_ui_automation.dll" id="a5c685c0-a0da-8637-4ab5-a9495121adba">
      <Execution id="50a159a5-ec62-410e-b75d-fbfaa65f247a" />
      <TestMethod codeBase="C:\Users\Kevin\Desktop\kevindoc\github-repo\c#Practice\AOS_UI_Automation\bin\Debug\net8.0\AOS_UI_Automation.dll" adapterTypeName="executor://nunit3testexecutor/" className="AOS_UI_Automation.AOSTests" name="VerifyCartTotalQuantity" />
    </UnitTest>
    <UnitTest name="添加平板电脑到购物车并验证" storage="c:\users\kevin\desktop\kevindoc\github-repo\c#practice\aos_ui_automation\bin\debug\net8.0\aos_ui_automation.dll" id="0804ee53-4d46-a6c8-31d6-44434b98002d">
      <Execution id="061e76f2-fb92-4cb3-a62e-c739d3b4833a" />
      <TestMethod codeBase="C:\Users\Kevin\Desktop\kevindoc\github-repo\c#Practice\AOS_UI_Automation\bin\Debug\net8.0\AOS_UI_Automation.dll" adapterTypeName="executor://nunit3testexecutor/" className="AOS_UI_Automation.AOSTests" name="添加平板电脑到购物车并验证" />
    </UnitTest>
    <UnitTest name="添加鼠标到购物车并验证" storage="c:\users\kevin\desktop\kevindoc\github-repo\c#practice\aos_ui_automation\bin\debug\net8.0\aos_ui_automation.dll" id="ef22e31a-a13e-2f7d-0a66-5974cbaaba0a">
      <Execution id="45bbd144-e1c1-48fb-92d8-e1b57ae2f4c3" />
      <TestMethod codeBase="C:\Users\Kevin\Desktop\kevindoc\github-repo\c#Practice\AOS_UI_Automation\bin\Debug\net8.0\AOS_UI_Automation.dll" adapterTypeName="executor://nunit3testexecutor/" className="AOS_UI_Automation.AOSTests" name="添加鼠标到购物车并验证" />
    </UnitTest>
    <UnitTest name="添加笔记本电脑到购物车并验证" storage="c:\users\kevin\desktop\kevindoc\github-repo\c#practice\aos_ui_automation\bin\debug\net8.0\aos_ui_automation.dll" id="77a66f12-887d-16a7-56f1-3f644af57505">
      <Execution id="3edaeadb-76aa-4833-a0e2-04e23e55915c" />
      <TestMethod codeBase="C:\Users\Kevin\Desktop\kevindoc\github-repo\c#Practice\AOS_UI_Automation\bin\Debug\net8.0\AOS_UI_Automation.dll" adapterTypeName="executor://nunit3testexecutor/" className="AOS_UI_Automation.AOSTests" name="添加笔记本电脑到购物车并验证" />
    </UnitTest>
  </TestDefinitions>
  <TestEntries>
    <TestEntry testId="ef22e31a-a13e-2f7d-0a66-5974cbaaba0a" executionId="45bbd144-e1c1-48fb-92d8-e1b57ae2f4c3" testListId="8c84fa94-04c1-424b-9868-57a2d4851a1d" />
    <TestEntry testId="0804ee53-4d46-a6c8-31d6-44434b98002d" executionId="061e76f2-fb92-4cb3-a62e-c739d3b4833a" testListId="8c84fa94-04c1-424b-9868-57a2d4851a1d" />
    <TestEntry testId="77a66f12-887d-16a7-56f1-3f644af57505" executionId="3edaeadb-76aa-4833-a0e2-04e23e55915c" testListId="8c84fa94-04c1-424b-9868-57a2d4851a1d" />
    <TestEntry testId="a5c685c0-a0da-8637-4ab5-a9495121adba" executionId="50a159a5-ec62-410e-b75d-fbfaa65f247a" testListId="8c84fa94-04c1-424b-9868-57a2d4851a1d" />
    <TestEntry testId="cbc7793c-28e5-04e6-146e-b5099e487886" executionId="44e1a6a2-727c-4f47-bfae-06f9c0ae2324" testListId="8c84fa94-04c1-424b-9868-57a2d4851a1d" />
  </TestEntries>
  <TestLists>
    <TestList name="Results Not in a List" id="8c84fa94-04c1-424b-9868-57a2d4851a1d" />
    <TestList name="All Loaded Results" id="19431567-8539-422a-85d7-44ee4e166bda" />
  </TestLists>
  <ResultSummary outcome="Failed">
    <Counters total="5" executed="5" passed="0" failed="5" error="0" timeout="0" aborted="0" inconclusive="0" passedButRunAborted="0" notRunnable="0" notExecuted="0" disconnected="0" warning="0" completed="0" inProgress="0" pending="0" />
    <Output>
      <StdOut>NUnit Adapter 3.17.0.0: Test execution started&#xD;
Running all tests in C:\Users\Kevin\Desktop\kevindoc\github-repo\c#Practice\AOS_UI_Automation\bin\Debug\net8.0\AOS_UI_Automation.dll&#xD;
   NUnit3TestExecutor discovered 5 of 5 NUnit test cases&#xD;
Starting ChromeDriver 138.0.7204.168 (3e8d82e86e9f508e88ed406c2a24657a6c691d30-refs/branch-heads/7204@{#2081}) on port 53303&#xD;
Only local connections are allowed.&#xD;
Please see https://chromedriver.chromium.org/security-considerations for suggestions on keeping ChromeDriver safe.&#xD;
ChromeDriver was started successfully on port 53303.&#xD;
NUnit Adapter 3.17.0.0: Test execution complete&#xD;
</StdOut>
    </Output>
    <RunInfos>
      <RunInfo computerName="LAPTOP-O0TPN0MB" outcome="Warning" timestamp="2025-07-25T23:01:12.1126897+08:00">
        <Text>Setup failed for test fixture AOS_UI_Automation.AOSTests</Text>
      </RunInfo>
      <RunInfo computerName="LAPTOP-O0TPN0MB" outcome="Warning" timestamp="2025-07-25T23:01:12.1138129+08:00">
        <Text>OpenQA.Selenium.UnknownErrorException : unknown error: net::ERR_CONNECTION_CLOSED&#xD;
  (Session info: chrome=138.0.7204.158)</Text>
      </RunInfo>
    </RunInfos>
  </ResultSummary>
</TestRun>